2.500000 0 10 6 1.00 2641.60
7.500000 0 1547 22 0.08 1480068.80
12.500000 3 133 9678 0.09 18178664.00
17.500000 5 53 1635 0.09 2825156.80
22.500000 7 26 500 0.09 835990.40
27.500000 5 106 1374 0.09 2416427.20
32.500000 164 10 5 0.08 13720.00
37.500000 102 104 546 0.08 1015899.20
42.500000 1 1307 997 0.09 3058891.20
47.500000 0 6016 1831 0.13 11271424.00
52.500000 0 86 558 0.12 929966.40
57.500000 0 582 1985 0.13 3688835.20
62.500000 0 1326 17 0.13 1719908.80
67.500000 4 686 1856 0.13 3838542.40
72.500000 0 16 6 0.12 2840.00
77.500000 0 7 8 0.11 2449.60
82.500000 2 11 532 0.11 827518.40
87.500000 0 8 2316 0.12 3517128.00
92.500000 0 385 52 0.11 310899.20
97.500000 101 21 2203 0.11 3356721.60
102.500000 3 0 0 0.10 220.80
